Traceback (most recent call last):
  File "/Users/huangwei/key_counter/key_counter.py", line 1, in <module>
    from pynput import keyboard
ModuleNotFoundError: No module named 'pynput'
Traceback (most recent call last):
  File "/Users/huangwei/key_counter/key_counter.py", line 1, in <module>
    from pynput import keyboard
ModuleNotFoundError: No module named 'pynput'
Traceback (most recent call last):
  File "/Users/huangwei/key_counter/key_counter.py", line 1, in <module>
    from pynput import keyboard
ModuleNotFoundError: No module named 'pynput'
Traceback (most recent call last):
  File "/Users/huangwei/key_counter/key_counter.py", line 1, in <module>
    from pynput import keyboard
ModuleNotFoundError: No module named 'pynput'
Traceback (most recent call last):
  File "/Users/huangwei/key_counter/key_counter.py", line 1, in <module>
    from pynput import keyboard
ModuleNotFoundError: No module named 'pynput'
Traceback (most recent call last):
  File "/Users/huangwei/key_counter/key_counter.py", line 1, in <module>
    from pynput import keyboard
ModuleNotFoundError: No module named 'pynput'
Traceback (most recent call last):
  File "/Users/huangwei/key_counter/key_counter.py", line 1, in <module>
    from pynput import keyboard
ModuleNotFoundError: No module named 'pynput'
Traceback (most recent call last):
  File "/Users/huangwei/key_counter/key_counter.py", line 1, in <module>
    from pynput import keyboard
ModuleNotFoundError: No module named 'pynput'
Traceback (most recent call last):
  File "/Users/huangwei/key_counter/key_counter.py", line 1, in <module>
    from pynput import keyboard
ModuleNotFoundError: No module named 'pynput'
Traceback (most recent call last):
  File "/Users/huangwei/key_counter/key_counter.py", line 1, in <module>
    from pynput import keyboard
ModuleNotFoundError: No module named 'pynput'
Traceback (most recent call last):
  File "/Users/huangwei/key_counter/key_counter.py", line 1, in <module>
    from pynput import keyboard
ModuleNotFoundError: No module named 'pynput'
Traceback (most recent call last):
  File "/Users/huangwei/key_counter/key_counter.py", line 1, in <module>
    from pynput import keyboard
ModuleNotFoundError: No module named 'pynput'
Traceback (most recent call last):
  File "/Users/huangwei/key_counter/key_counter.py", line 1, in <module>
    from pynput import keyboard
ModuleNotFoundError: No module named 'pynput'
Traceback (most recent call last):
  File "/Users/huangwei/key_counter/key_counter.py", line 1, in <module>
    from pynput import keyboard
ModuleNotFoundError: No module named 'pynput'
Traceback (most recent call last):
  File "/Users/huangwei/key_counter/key_counter.py", line 1, in <module>
    from pynput import keyboard
ModuleNotFoundError: No module named 'pynput'
Traceback (most recent call last):
  File "/Users/huangwei/key_counter/key_counter.py", line 1, in <module>
    from pynput import keyboard
ModuleNotFoundError: No module named 'pynput'
Traceback (most recent call last):
  File "/Users/huangwei/key_counter/key_counter.py", line 1, in <module>
    from pynput import keyboard
ModuleNotFoundError: No module named 'pynput'
Traceback (most recent call last):
  File "/Users/huangwei/key_counter/key_counter.py", line 18, in <module>
    with open(LOG_FILE, 'w', encoding='utf-8') as f:
         ^^^^^^^^^^^^^^^^^^^^^^^^^^^^^^^^^^^^^
OSError: [Errno 30] Read-only file system: 'key_log.txt'
Traceback (most recent call last):
  File "/Users/huangwei/key_counter/key_counter.py", line 18, in <module>
    with open(LOG_FILE, 'w', encoding='utf-8') as f:
         ^^^^^^^^^^^^^^^^^^^^^^^^^^^^^^^^^^^^^
OSError: [Errno 30] Read-only file system: 'key_log.txt'
Traceback (most recent call last):
  File "/Users/huangwei/key_counter/key_counter.py", line 18, in <module>
    with open(LOG_FILE, 'w', encoding='utf-8') as f:
         ^^^^^^^^^^^^^^^^^^^^^^^^^^^^^^^^^^^^^
OSError: [Errno 30] Read-only file system: 'key_log.txt'
Traceback (most recent call last):
  File "/Users/huangwei/key_counter/key_counter.py", line 18, in <module>
    with open(LOG_FILE, 'w', encoding='utf-8') as f:
         ^^^^^^^^^^^^^^^^^^^^^^^^^^^^^^^^^^^^^
OSError: [Errno 30] Read-only file system: 'key_log.txt'
Traceback (most recent call last):
  File "/Users/huangwei/key_counter/key_counter.py", line 18, in <module>
    with open(LOG_FILE, 'w', encoding='utf-8') as f:
         ^^^^^^^^^^^^^^^^^^^^^^^^^^^^^^^^^^^^^
OSError: [Errno 30] Read-only file system: 'key_log.txt'
Traceback (most recent call last):
  File "/Users/huangwei/key_counter/key_counter.py", line 18, in <module>
    with open(LOG_FILE, 'w', encoding='utf-8') as f:
         ^^^^^^^^^^^^^^^^^^^^^^^^^^^^^^^^^^^^^
OSError: [Errno 30] Read-only file system: 'key_log.txt'
Traceback (most recent call last):
  File "/Users/huangwei/key_counter/key_counter.py", line 18, in <module>
    with open(LOG_FILE, 'w', encoding='utf-8') as f:
         ^^^^^^^^^^^^^^^^^^^^^^^^^^^^^^^^^^^^^
OSError: [Errno 30] Read-only file system: 'key_log.txt'
Traceback (most recent call last):
  File "/Users/huangwei/key_counter/key_counter.py", line 18, in <module>
    with open(LOG_FILE, 'w', encoding='utf-8') as f:
         ^^^^^^^^^^^^^^^^^^^^^^^^^^^^^^^^^^^^^
OSError: [Errno 30] Read-only file system: 'key_log.txt'
Traceback (most recent call last):
  File "/Users/huangwei/key_counter/key_counter.py", line 18, in <module>
    with open(LOG_FILE, 'w', encoding='utf-8') as f:
         ^^^^^^^^^^^^^^^^^^^^^^^^^^^^^^^^^^^^^
OSError: [Errno 30] Read-only file system: 'key_log.txt'
Traceback (most recent call last):
  File "/Users/huangwei/key_counter/key_counter.py", line 18, in <module>
    with open(LOG_FILE, 'w', encoding='utf-8') as f:
         ^^^^^^^^^^^^^^^^^^^^^^^^^^^^^^^^^^^^^
OSError: [Errno 30] Read-only file system: 'key_log.txt'
Traceback (most recent call last):
  File "/Users/huangwei/key_counter/key_counter.py", line 18, in <module>
    with open(LOG_FILE, 'w', encoding='utf-8') as f:
         ^^^^^^^^^^^^^^^^^^^^^^^^^^^^^^^^^^^^^
OSError: [Errno 30] Read-only file system: 'key_log.txt'
This process is not trusted! Input event monitoring will not be possible until it is added to accessibility clients.
This process is not trusted! Input event monitoring will not be possible until it is added to accessibility clients.
